This is pdfTeX, Version 3.141592653-2.6-1.40.25 (MiKTeX 24.1) (preloaded format=pdflatex 2024.3.1)  5 MAR 2024 03:32
entering extended mode
 restricted \write18 enabled.
 %&-line parsing enabled.
**./ws-ijait.tex
(ws-ijait.tex
LaTeX2e <2023-11-01> patch level 1
L3 programming layer <2024-01-04>
(ws-ijait.cls
Document Class: ws-ijait 1994/07/13 v1.2u Standard LaTeX document class
\draftrule=\dimen140
\minute=\count187
\hour=\count188
\trimheight=\dimen141
\trimwidth=\dimen142
\typeheight=\dimen143
\typewidth=\dimen144
\tempdimen=\dimen145
\tablewidth=\dimen146
\normaltextheight=\dimen147
\tempbox=\box51
\tablewd=\dimen148
\trimheight=\dimen149
\trimwidth=\dimen150
\c@section=\count189
\c@subsection=\count190
\c@subsubsection=\count191
\c@paragraph=\count192
\c@subparagraph=\count193
\abovecaptionskip=\skip48
\belowcaptionskip=\skip49
\captionbox=\box52
\c@figure=\count194
\c@table=\count195
\c@lemma=\count196
\c@corollary=\count197
\c@proposition=\count198
\c@definition=\count199
\c@example=\count266
\c@remark=\count267
\c@question=\count268
\c@notation=\count269
\c@theorem=\count270
\c@corollary=\count271
\c@lemma=\count272
\c@proposition=\count273
\c@definition=\count274
\c@example=\count275
\c@remark=\count276
\bibindent=\dimen151
\c@appendix=\count277
(C:\Users\nachi\AppData\Local\Programs\MiKTeX\tex/latex/amsfonts\amsfonts.sty
Package: amsfonts 2013/01/14 v3.01 Basic AMSFonts support
\@emptytoks=\toks17
\symAMSa=\mathgroup4
\symAMSb=\mathgroup5
LaTeX Font Info:    Redeclaring math symbol \hbar on input line 98.
LaTeX Font Info:    Overwriting math alphabet `\mathfrak' in version `bold'
(Font)                  U/euf/m/n --> U/euf/b/n on input line 106.
)
(C:\Users\nachi\AppData\Local\Programs\MiKTeX\tex/latex/amsfonts\amssymb.sty
Package: amssymb 2013/01/14 v3.01 AMS font symbols
)
(C:\Users\nachi\AppData\Local\Programs\MiKTeX\tex/latex/amsmath\amsmath.sty
Package: amsmath 2023/05/13 v2.17o AMS math features
\@mathmargin=\skip50

For additional information on amsmath, use the `?' option.
(C:\Users\nachi\AppData\Local\Programs\MiKTeX\tex/latex/amsmath\amstext.sty
Package: amstext 2021/08/26 v2.01 AMS text

(C:\Users\nachi\AppData\Local\Programs\MiKTeX\tex/latex/amsmath\amsgen.sty
File: amsgen.sty 1999/11/30 v2.0 generic functions
\@emptytoks=\toks18
\ex@=\dimen152
))
(C:\Users\nachi\AppData\Local\Programs\MiKTeX\tex/latex/amsmath\amsbsy.sty
Package: amsbsy 1999/11/29 v1.2d Bold Symbols
\pmbraise@=\dimen153
)
(C:\Users\nachi\AppData\Local\Programs\MiKTeX\tex/latex/amsmath\amsopn.sty
Package: amsopn 2022/04/08 v2.04 operator names
)
\inf@bad=\count278
LaTeX Info: Redefining \frac on input line 234.
\uproot@=\count279
\leftroot@=\count280
LaTeX Info: Redefining \overline on input line 399.
LaTeX Info: Redefining \colon on input line 410.
\classnum@=\count281
\DOTSCASE@=\count282
LaTeX Info: Redefining \ldots on input line 496.
LaTeX Info: Redefining \dots on input line 499.
LaTeX Info: Redefining \cdots on input line 620.
\Mathstrutbox@=\box53
\strutbox@=\box54
LaTeX Info: Redefining \big on input line 722.
LaTeX Info: Redefining \Big on input line 723.
LaTeX Info: Redefining \bigg on input line 724.
LaTeX Info: Redefining \Bigg on input line 725.
\big@size=\dimen154
LaTeX Font Info:    Redeclaring font encoding OML on input line 743.
LaTeX Font Info:    Redeclaring font encoding OMS on input line 744.
\macc@depth=\count283
LaTeX Info: Redefining \bmod on input line 905.
LaTeX Info: Redefining \pmod on input line 910.
LaTeX Info: Redefining \smash on input line 940.
LaTeX Info: Redefining \relbar on input line 970.
LaTeX Info: Redefining \Relbar on input line 971.
\c@MaxMatrixCols=\count284
\dotsspace@=\muskip16
\c@parentequation=\count285
\dspbrk@lvl=\count286
\tag@help=\toks19
\row@=\count287
\column@=\count288
\maxfields@=\count289
\andhelp@=\toks20
\eqnshift@=\dimen155
\alignsep@=\dimen156
\tagshift@=\dimen157
\tagwidth@=\dimen158
\totwidth@=\dimen159
\lineht@=\dimen160
\@envbody=\toks21
\multlinegap=\skip51
\multlinetaggap=\skip52
\mathdisplay@stack=\toks22
LaTeX Info: Redefining \[ on input line 2953.
LaTeX Info: Redefining \] on input line 2954.
)
(C:\Users\nachi\AppData\Local\Programs\MiKTeX\tex/latex/graphics\graphicx.sty
Package: graphicx 2021/09/16 v1.2d Enhanced LaTeX Graphics (DPC,SPQR)

(C:\Users\nachi\AppData\Local\Programs\MiKTeX\tex/latex/graphics\keyval.sty
Package: keyval 2022/05/29 v1.15 key=value parser (DPC)
\KV@toks@=\toks23
)
(C:\Users\nachi\AppData\Local\Programs\MiKTeX\tex/latex/graphics\graphics.sty
Package: graphics 2022/03/10 v1.4e Standard LaTeX Graphics (DPC,SPQR)

(C:\Users\nachi\AppData\Local\Programs\MiKTeX\tex/latex/graphics\trig.sty
Package: trig 2021/08/11 v1.11 sin cos tan (DPC)
)
(C:\Users\nachi\AppData\Local\Programs\MiKTeX\tex/latex/graphics-cfg\graphics.c
fg
File: graphics.cfg 2016/06/04 v1.11 sample graphics configuration
)
Package graphics Info: Driver file: pdftex.def on input line 107.

(C:\Users\nachi\AppData\Local\Programs\MiKTeX\tex/latex/graphics-def\pdftex.def
File: pdftex.def 2022/09/22 v1.2b Graphics/color driver for pdftex
))
\Gin@req@height=\dimen161
\Gin@req@width=\dimen162
)) (C:\Users\nachi\AppData\Local\Programs\MiKTeX\tex/latex/cite\cite.sty
LaTeX Info: Redefining \cite on input line 302.
LaTeX Info: Redefining \nocite on input line 332.
Package: cite 2015/02/27  v 5.5
LaTeX Info: Redefining \cite on input line 441.
)
(C:\Users\nachi\AppData\Local\Programs\MiKTeX\tex/latex/multirow\multirow.sty
Package: multirow 2021/03/15 v2.8 Span multiple rows of a table
\multirow@colwidth=\skip53
\multirow@cntb=\count290
\multirow@dima=\skip54
\bigstrutjot=\dimen163
)
(C:\Users\nachi\AppData\Local\Programs\MiKTeX\tex/latex/l3backend\l3backend-pdf
tex.def
File: l3backend-pdftex.def 2024-01-04 L3 backend support: PDF output (pdfTeX)
\l__color_backend_stack_int=\count291
\l__pdf_internal_box=\box55
) (ws-ijait.aux

LaTeX Warning: Label `lstm' multiply defined.


LaTeX Warning: Label `figr1' multiply defined.


LaTeX Warning: Label `figr1' multiply defined.

)
\openout1 = `ws-ijait.aux'.

LaTeX Font Info:    Checking defaults for OML/cmm/m/it on input line 14.
LaTeX Font Info:    ... okay on input line 14.
LaTeX Font Info:    Checking defaults for OMS/cmsy/m/n on input line 14.
LaTeX Font Info:    ... okay on input line 14.
LaTeX Font Info:    Checking defaults for OT1/cmr/m/n on input line 14.
LaTeX Font Info:    ... okay on input line 14.
LaTeX Font Info:    Checking defaults for T1/cmr/m/n on input line 14.
LaTeX Font Info:    ... okay on input line 14.
LaTeX Font Info:    Checking defaults for TS1/cmr/m/n on input line 14.
LaTeX Font Info:    ... okay on input line 14.
LaTeX Font Info:    Checking defaults for OMX/cmex/m/n on input line 14.
LaTeX Font Info:    ... okay on input line 14.
LaTeX Font Info:    Checking defaults for U/cmr/m/n on input line 14.
LaTeX Font Info:    ... okay on input line 14.

(C:\Users\nachi\AppData\Local\Programs\MiKTeX\tex/context/base/mkii\supp-pdf.mk
ii
[Loading MPS to PDF converter (version 2006.09.02).]
\scratchcounter=\count292
\scratchdimen=\dimen164
\scratchbox=\box56
\nofMPsegments=\count293
\nofMParguments=\count294
\everyMPshowfont=\toks24
\MPscratchCnt=\count295
\MPscratchDim=\dimen165
\MPnumerator=\count296
\makeMPintoPDFobject=\count297
\everyMPtoPDFconversion=\toks25
)
(C:\Users\nachi\AppData\Local\Programs\MiKTeX\tex/latex/epstopdf-pkg\epstopdf-b
ase.sty
Package: epstopdf-base 2020-01-24 v2.11 Base part for package epstopdf
Package epstopdf-base Info: Redefining graphics rule for `.eps' on input line 4
85.

(C:\Users\nachi\AppData\Local\Programs\MiKTeX\tex/latex/00miktex\epstopdf-sys.c
fg
File: epstopdf-sys.cfg 2021/03/18 v2.0 Configuration of epstopdf for MiKTeX
))
LaTeX Font Info:    Trying to load font information for U+msa on input line 43.

 (C:\Users\nachi\AppData\Local\Programs\MiKTeX\tex/latex/amsfonts\umsa.fd
File: umsa.fd 2013/01/14 v3.01 AMS symbols A
)
LaTeX Font Info:    Trying to load font information for U+msb on input line 43.


(C:\Users\nachi\AppData\Local\Programs\MiKTeX\tex/latex/amsfonts\umsb.fd
File: umsb.fd 2013/01/14 v3.01 AMS symbols B
)
[1{C:/Users/nachi/AppData/Local/MiKTeX/fonts/map/pdftex/pdftex.map}

] [2]
[3]
<RNN.jpg, id=18, 2190.1825pt x 718.685pt>
File: RNN.jpg Graphic file (type jpg)
<use RNN.jpg>
Package pdftex.def Info: RNN.jpg  used on input line 97.
(pdftex.def)             Requested size: 426.76639pt x 199.16878pt.
 [4] [5 <./RNN.jpg>]
<LSTM.jpg, id=30, 1432.35126pt x 1098.1025pt>
File: LSTM.jpg Graphic file (type jpg)
<use LSTM.jpg>
Package pdftex.def Info: LSTM.jpg  used on input line 136.
(pdftex.def)             Requested size: 284.52pt x 227.60905pt.
 [6 <./LSTM.jpg>]
<GRU.jpg, id=34, 1700.3525pt x 925.4575pt>
File: GRU.jpg Graphic file (type jpg)
<use GRU.jpg>
Package pdftex.def Info: GRU.jpg  used on input line 164.
(pdftex.def)             Requested size: 312.97763pt x 199.16718pt.
<transformer.png, id=35, 351.714pt x 498.663pt>
File: transformer.png Graphic file (type png)
<use transformer.png>
Package pdftex.def Info: transformer.png  used on input line 175.
(pdftex.def)             Requested size: 284.54332pt x 341.42992pt.
 [7 <./GRU.jpg>] [8 <./transformer.png>] [9] [10]
<heatmap.jpeg, id=54, 618.05907pt x 513.41812pt>
File: heatmap.jpeg Graphic file (type jpg)
<use heatmap.jpeg>
Package pdftex.def Info: heatmap.jpeg  used on input line 239.
(pdftex.def)             Requested size: 341.44246pt x 284.52737pt.
<Transformer.jpg, id=55, 1109.14375pt x 1418.29875pt>
File: Transformer.jpg Graphic file (type jpg)
<use Transformer.jpg>
Package pdftex.def Info: Transformer.jpg  used on input line 248.
(pdftex.def)             Requested size: 312.97829pt x 426.7914pt.
 [11]
<N.png, id=59, 476.02994pt x 270.68793pt>
File: N.png Graphic file (type png)
<use N.png>
Package pdftex.def Info: N.png  used on input line 283.
(pdftex.def)             Requested size: 369.90723pt x 199.17833pt.
<A.png, id=60, 476.02994pt x 267.22589pt>
File: A.png Graphic file (type png)
<use A.png>
Package pdftex.def Info: A.png  used on input line 292.
(pdftex.def)             Requested size: 369.90723pt x 199.17119pt.
<Co.png, id=61, 475.59718pt x 268.52415pt>
File: Co.png Graphic file (type png)
<use Co.png>
Package pdftex.def Info: Co.png  used on input line 301.
(pdftex.def)             Requested size: 369.883pt x 199.17184pt.
 [12 <./heatmap.jpeg>]
<Z.png, id=65, 478.4101pt x 267.22589pt>
File: Z.png Graphic file (type png)
<use Z.png>
Package pdftex.def Info: Z.png  used on input line 310.
(pdftex.def)             Requested size: 369.88069pt x 199.17119pt.
 [13 <./Transformer.jpg>] [14 <./N.png (PNG copy)>] [15 <./A.png (PNG copy)> <.
/Co.png (PNG copy)>] [16 <./Z.png (PNG copy)>]
<MSE.jpg, id=80, 361.569pt x 212.649pt>
File: MSE.jpg Graphic file (type jpg)
<use MSE.jpg>
Package pdftex.def Info: MSE.jpg  used on input line 419.
(pdftex.def)             Requested size: 426.79668pt x 199.17622pt.
<MAE.jpg, id=81, 362.007pt x 216.81pt>
File: MAE.jpg Graphic file (type jpg)
<use MAE.jpg>
Package pdftex.def Info: MAE.jpg  used on input line 428.
(pdftex.def)             Requested size: 426.79446pt x 199.1798pt.
<MAPE.png, id=82, 361.569pt x 212.649pt>
File: MAPE.png Graphic file (type png)
<use MAPE.png>
Package pdftex.def Info: MAPE.png  used on input line 437.
(pdftex.def)             Requested size: 426.79668pt x 199.17622pt.
 [17] [18 <./MSE.jpg>] [19 <./MAE.jpg> <./MAPE.png>] (ws-ijait.bbl [20])
[21] (ws-ijait.aux)
 ***********
LaTeX2e <2023-11-01> patch level 1
L3 programming layer <2024-01-04>
 ***********


LaTeX Warning: There were multiply-defined labels.

 ) 
Here is how much of TeX's memory you used:
 2997 strings out of 474486
 43202 string characters out of 5743756
 1950542 words of memory out of 5000000
 25276 multiletter control sequences out of 15000+600000
 565214 words of font info for 63 fonts, out of 8000000 for 9000
 1141 hyphenation exceptions out of 8191
 72i,11n,79p,1715b,286s stack positions out of 10000i,1000n,20000p,200000b,200000s
 <C:\Users\nachi\AppData\Local\MiKTeX\fonts/pk/ljfour/jknappen/ec/dpi600\tcrm
0800.pk><C:/Users/nachi/AppData/Local/Programs/MiKTeX/fonts/type1/public/amsfon
ts/cm/cmbx10.pfb><C:/Users/nachi/AppData/Local/Programs/MiKTeX/fonts/type1/publ
ic/amsfonts/cm/cmbxti10.pfb><C:/Users/nachi/AppData/Local/Programs/MiKTeX/fonts
/type1/public/amsfonts/cm/cmex10.pfb><C:/Users/nachi/AppData/Local/Programs/MiK
TeX/fonts/type1/public/amsfonts/cm/cmmi10.pfb><C:/Users/nachi/AppData/Local/Pro
grams/MiKTeX/fonts/type1/public/amsfonts/cm/cmmi5.pfb><C:/Users/nachi/AppData/L
ocal/Programs/MiKTeX/fonts/type1/public/amsfonts/cm/cmmi7.pfb><C:/Users/nachi/A
ppData/Local/Programs/MiKTeX/fonts/type1/public/amsfonts/cm/cmr10.pfb><C:/Users
/nachi/AppData/Local/Programs/MiKTeX/fonts/type1/public/amsfonts/cm/cmr5.pfb><C
:/Users/nachi/AppData/Local/Programs/MiKTeX/fonts/type1/public/amsfonts/cm/cmr7
.pfb><C:/Users/nachi/AppData/Local/Programs/MiKTeX/fonts/type1/public/amsfonts/
cm/cmr8.pfb><C:/Users/nachi/AppData/Local/Programs/MiKTeX/fonts/type1/public/am
sfonts/cm/cmr9.pfb><C:/Users/nachi/AppData/Local/Programs/MiKTeX/fonts/type1/pu
blic/amsfonts/cm/cmsy10.pfb><C:/Users/nachi/AppData/Local/Programs/MiKTeX/fonts
/type1/public/amsfonts/cm/cmsy6.pfb><C:/Users/nachi/AppData/Local/Programs/MiKT
eX/fonts/type1/public/amsfonts/cm/cmsy7.pfb><C:/Users/nachi/AppData/Local/Progr
ams/MiKTeX/fonts/type1/public/amsfonts/cm/cmti10.pfb><C:/Users/nachi/AppData/Lo
cal/Programs/MiKTeX/fonts/type1/public/amsfonts/cm/cmti8.pfb><C:/Users/nachi/Ap
pData/Local/Programs/MiKTeX/fonts/type1/public/amsfonts/cm/cmti9.pfb>
Output written on ws-ijait.pdf (21 pages, 7160948 bytes).
PDF statistics:
 176 PDF objects out of 1000 (max. 8388607)
 0 named destinations out of 1000 (max. 500000)
 66 words of extra memory for PDF output out of 10000 (max. 10000000)

